<?xml version="1.0" encoding="UTF-8"?>
<!-- Generated by org.testng.reporters.JUnitReportReporter -->
<testsuite hostname="DESKTOP-2J0CPCI" failures="0" tests="3" name="demo.Lis_tc" time="0.017" errors="0" timestamp="2023-05-24T14:40:24 IST" skipped="0">
  <testcase classname="demo.Lis_tc" name="test2" time="0.001"/>
  <system-out/>
  <testcase classname="demo.Lis_tc" name="test3" time="0.002"/>
  <system-out/>
  <testcase classname="demo.Lis_tc" name="test1" time="0.014"/>
  <system-out/>
</testsuite> <!-- demo.Lis_tc -->
