<?xml version="1.0" encoding="UTF-8"?>
<!-- Generated by org.testng.reporters.JUnitReportReporter -->
<testsuite hostname="DESKTOP-2J0CPCI" failures="0" tests="1" name="testcase.yt_runner" time="15.741" errors="0" timestamp="2023-05-26T22:50:04 IST" skipped="0">
  <testcase classname="testcase.yt_runner" name="runner" time="15.741"/>
  <system-out/>
</testsuite> <!-- testcase.yt_runner -->
